<?xml version="1.0" encoding="UTF-8"?>
<testng-results skipped="0" failed="0" total="1" passed="1">
  <reporter-output>
  </reporter-output>
  <suite name="Default suite" duration-ms="22949" started-at="2018-07-14T12:23:27Z" finished-at="2018-07-14T12:23:50Z">
    <groups>
    </groups>
    <test name="Default test" duration-ms="22949" started-at="2018-07-14T12:23:27Z" finished-at="2018-07-14T12:23:50Z">
      <class name="testScripts.TC_002">
        <test-method status="PASS" signature="addEmploye()[pri:0, instance:testScripts.TC_002@be92ad]" name="addEmploye" duration-ms="22934" started-at="2018-07-14T17:53:27Z" finished-at="2018-07-14T17:53:50Z">
          <reporter-output>
          </reporter-output>
        </test-method> <!-- addEmploye -->
      </class> <!-- testScripts.TC_002 -->
    </test> <!-- Default test -->
  </suite> <!-- Default suite -->
</testng-results>
