<?xml version="1.0" encoding="UTF-8"?>
<testng-results skipped="0" failed="0" total="2" passed="2">
  <reporter-output>
  </reporter-output>
  <suite name="HRM Suite" duration-ms="31542" started-at="2018-07-14T13:05:50Z" finished-at="2018-07-14T13:06:22Z">
    <groups>
    </groups>
    <test name="Login" duration-ms="31542" started-at="2018-07-14T13:05:50Z" finished-at="2018-07-14T13:06:22Z">
      <class name="testScripts.TC_002">
        <test-method status="PASS" signature="addEmploye()[pri:0, instance:testScripts.TC_002@163425a]" name="addEmploye" duration-ms="20417" started-at="2018-07-14T18:36:01Z" finished-at="2018-07-14T18:36:22Z">
          <reporter-output>
          </reporter-output>
        </test-method> <!-- addEmploye -->
      </class> <!-- testScripts.TC_002 -->
      <class name="testScripts.TC_001">
        <test-method status="PASS" signature="mm()[pri:0, instance:testScripts.TC_001@1684286]" name="mm" duration-ms="11111" started-at="2018-07-14T18:35:50Z" finished-at="2018-07-14T18:36:01Z">
          <reporter-output>
          </reporter-output>
        </test-method> <!-- mm -->
      </class> <!-- testScripts.TC_001 -->
    </test> <!-- Login -->
  </suite> <!-- HRM Suite -->
</testng-results>
